<?xml version="1.0" encoding="UTF-8"?>
<!-- Generated by org.testng.reporters.JUnitXMLReporter -->
<testsuite ignored="0" hostname="IBM-B6353F3" failures="1" tests="5" name="Test" time="0.075" errors="0" timestamp="2024-04-11T20:14:23 IST">
  <testcase classname="Demo2.Test2" name="method1" time="0.007"/>
  <testcase classname="Demo2.Test2" name="method2" time="0.002"/>
  <testcase classname="Testcases.LoginTestCase" name="verifyLogin" time="0.003">
    <failure type="java.io.FileNotFoundException" message="C:\Users\bhagy\Desktop\Technogeecks\1othMarchSeleniumTestNGFramework\src\main\java\Resources\data.properties (The system cannot find the path specified)">
      <![CDATA[java.io.FileNotFoundException: C:\Users\bhagy\Desktop\Technogeecks\1othMarchSeleniumTestNGFramework\src\main\java\Resources\data.properties (The system cannot find the path specified)
at java.base/java.io.FileInputStream.open0(Native Method)
at java.base/java.io.FileInputStream.open(FileInputStream.java:216)
at java.base/java.io.FileInputStream.<init>(FileInputStream.java:157)
at java.base/java.io.FileInputStream.<init>(FileInputStream.java:111)
at Resources.Baseclass.initializeDriver(Baseclass.java:21)
at Testcases.LoginTestCase.verifyLogin(LoginTestCase.java:15)
at java.base/java.util.ArrayList.forEach(ArrayList.java:1511)
... Removed 27 stack frames]]>
    </failure>
  </testcase> <!-- verifyLogin -->
  <testcase classname="Demo1.Test1" name="method1" time="0.002"/>
  <testcase classname="Demo1.Test1" name="method2" time="0.001"/>
</testsuite> <!-- Test -->
